C:\USERS\OWNER\DESKTOP\C++ SDL\H2GAMEENGINE\DEBUG\H2GAMEENGINE.EXE
C:\USERS\OWNER\DESKTOP\C++ SDL\H2GAMEENGINE\DEBUG\H2GAMEENGINE.ILK
C:\USERS\OWNER\DESKTOP\C++ SDL\H2GAMEENGINE\DEBUG\H2GAMEENGINE.PDB
C:\Users\Owner\Desktop\C++ SDL\H2GameEngine\H2GameEngine\Debug\cl.command.1.tlog
C:\Users\Owner\Desktop\C++ SDL\H2GameEngine\H2GameEngine\Debug\CL.read.1.tlog
C:\Users\Owner\Desktop\C++ SDL\H2GameEngine\H2GameEngine\Debug\CL.write.1.tlog
C:\USERS\OWNER\DESKTOP\C++ SDL\H2GAMEENGINE\H2GAMEENGINE\DEBUG\H2GAMEENGINE.EXE.INTERMEDIATE.MANIFEST
C:\Users\Owner\Desktop\C++ SDL\H2GameEngine\H2GameEngine\Debug\H2GameEngine.vcxprojResolveAssemblyReference.cache
C:\Users\Owner\Desktop\C++ SDL\H2GameEngine\H2GameEngine\Debug\H2GameEngine.write.1.tlog
C:\USERS\OWNER\DESKTOP\C++ SDL\H2GAMEENGINE\H2GAMEENGINE\DEBUG\HGAME.OBJ
C:\USERS\OWNER\DESKTOP\C++ SDL\H2GAMEENGINE\H2GAMEENGINE\DEBUG\HRESOURCES.OBJ
C:\USERS\OWNER\DESKTOP\C++ SDL\H2GAMEENGINE\H2GAMEENGINE\DEBUG\HROOM.OBJ
C:\USERS\OWNER\DESKTOP\C++ SDL\H2GAMEENGINE\H2GAMEENGINE\DEBUG\HSCREEN.OBJ
C:\USERS\OWNER\DESKTOP\C++ SDL\H2GAMEENGINE\H2GAMEENGINE\DEBUG\LDRAW.OBJ
C:\Users\Owner\Desktop\C++ SDL\H2GameEngine\H2GameEngine\Debug\link.command.1.tlog
C:\Users\Owner\Desktop\C++ SDL\H2GameEngine\H2GameEngine\Debug\link.read.1.tlog
C:\Users\Owner\Desktop\C++ SDL\H2GameEngine\H2GameEngine\Debug\link.write.1.tlog
C:\USERS\OWNER\DESKTOP\C++ SDL\H2GAMEENGINE\H2GAMEENGINE\DEBUG\MAIN.OBJ
C:\Users\Owner\Desktop\C++ SDL\H2GameEngine\H2GameEngine\Debug\mt.command.1.tlog
C:\Users\Owner\Desktop\C++ SDL\H2GameEngine\H2GameEngine\Debug\mt.read.1.tlog
C:\Users\Owner\Desktop\C++ SDL\H2GameEngine\H2GameEngine\Debug\mt.write.1.tlog
C:\USERS\OWNER\DESKTOP\C++ SDL\H2GAMEENGINE\H2GAMEENGINE\DEBUG\OBJ.OBJ
C:\USERS\OWNER\DESKTOP\C++ SDL\H2GAMEENGINE\H2GAMEENGINE\DEBUG\ROOM.OBJ
C:\USERS\OWNER\DESKTOP\C++ SDL\H2GAMEENGINE\H2GAMEENGINE\DEBUG\SPR.OBJ
C:\Users\Owner\Desktop\C++ SDL\H2GameEngine\H2GameEngine\Debug\vc100.idb
C:\USERS\OWNER\DESKTOP\C++ SDL\H2GAMEENGINE\H2GAMEENGINE\DEBUG\VC100.PDB
